[20:57:35] [ServerMain/INFO]: [bootstrap] Running Java 21 (OpenJDK 64-Bit Server VM 21.0.6+7-Ubuntu-120.04.1; Ubuntu null) on Linux 6.5.0-1025-azure (amd64)
[20:57:35] [ServerMain/INFO]: [bootstrap] Loading Paper 1.21-130-master@b1b5d4c (2024-08-10T10:02:42Z) for Minecraft 1.21
[20:57:35] [ServerMain/INFO]: [PluginInitializerManager] Initializing plugins...
[20:57:36] [ServerMain/INFO]: [PluginInitializerManager] Initialized 2 plugins
[20:57:36] [ServerMain/INFO]: [PluginInitializerManager] Bukkit plugins (2):
 - Geyser-Spigot (2.6.1-SNAPSHOT), ViaVersion (5.2.1)
[20:57:40] [ServerMain/INFO]: Environment: Environment[sessionHost=https://sessionserver.mojang.com, servicesHost=https://api.minecraftservices.com, name=PROD]
[20:57:41] [ServerMain/INFO]: Loaded 1290 recipes
[20:57:41] [ServerMain/INFO]: Loaded 1399 advancements
[20:57:42] [Server thread/INFO]: Starting minecraft server version 1.21
[20:57:42] [Server thread/INFO]: Loading properties
[20:57:42] [Server thread/INFO]: This server is running Paper version 1.21-130-master@b1b5d4c (2024-08-10T10:02:42Z) (Implementing API version 1.21-R0.1-SNAPSHOT)
[20:57:42] [Server thread/INFO]: [spark] This server bundles the spark profiler. For more information please visit https://docs.papermc.io/paper/profiling
[20:57:42] [Server thread/INFO]: Server Ping Player Sample Count: 12
[20:57:42] [Server thread/INFO]: Using 4 threads for Netty based IO
[20:57:43] [Server thread/INFO]: [ChunkTaskScheduler] Chunk system is using 1 I/O threads, 1 worker threads, and population gen parallelism of 1 threads
[20:57:43] [Server thread/INFO]: Default game type: SURVIVAL
[20:57:43] [Server thread/INFO]: Generating keypair
[20:57:43] [Server thread/INFO]: Starting Minecraft server on *:25565
[20:57:44] [Server thread/INFO]: Using epoll channel type
[20:57:44] [Server thread/INFO]: Paper: Using libdeflate (Linux x86_64) compression from Velocity.
[20:57:44] [Server thread/INFO]: Paper: Using OpenSSL 1.1.x (Linux x86_64) cipher from Velocity.
[20:57:44] [Server thread/ERROR]: [ModernPluginLoadingStrategy] Ambiguous plugin name 'Geyser-Spigot' for files 'plugins/Geyser-Spigot.jar' and 'plugins/Geyser-Spigot (1).jar' in 'plugins'
[20:57:45] [Server thread/INFO]: [ViaVersion] Loading server plugin ViaVersion v5.2.1
[20:57:45] [Server thread/INFO]: [ViaVersion] ViaVersion 5.2.1 is now loaded. Registering protocol transformers and injecting...
[20:57:46] [Via-Mappingloader-0/INFO]: [ViaVersion] Loading block connection mappings ...
[20:57:47] [Via-Mappingloader-0/INFO]: [ViaVersion] Using FastUtil Long2ObjectOpenHashMap for block connections
[20:57:48] [Server thread/INFO]: [Geyser-Spigot] Loading server plugin Geyser-Spigot v2.6.1-SNAPSHOT
[20:57:50] [Server thread/INFO]: [Geyser-Spigot] Loading extensions...
[20:57:50] [Server thread/INFO]: [Geyser-Spigot] Loaded 0 extension(s)
[20:57:50] [Server thread/INFO]: Server permissions file permissions.yml is empty, ignoring it
[20:57:50] [Server thread/WARN]: **** SERVER IS RUNNING IN OFFLINE/INSECURE MODE!
[20:57:50] [Server thread/WARN]: The server will make no attempt to authenticate usernames. Beware.
[20:57:50] [Server thread/WARN]: While this makes the game possible to play without internet access, it also opens up the ability for hackers to connect with any username they choose.
[20:57:50] [Server thread/WARN]: To change this, set "online-mode" to "true" in the server.properties file.
[20:57:50] [Server thread/INFO]: Preparing level "world"
[20:57:50] [Server thread/INFO]: Preparing start region for dimension minecraft:overworld
[20:57:52] [Server thread/INFO]: Time elapsed: 1235 ms
[20:57:52] [Server thread/INFO]: Preparing start region for dimension minecraft:the_nether
[20:57:52] [Server thread/INFO]: Time elapsed: 190 ms
[20:57:52] [Server thread/INFO]: Preparing start region for dimension minecraft:the_end
[20:57:52] [Server thread/INFO]: Time elapsed: 124 ms
[20:57:52] [Server thread/INFO]: [ViaVersion] Enabling ViaVersion v5.2.1
[20:57:52] [Server thread/INFO]: [ViaVersion] ViaVersion detected server version: 1.21-1.21.1 (767)
[20:57:52] [Server thread/INFO]: [Geyser-Spigot] Enabling Geyser-Spigot v2.6.1-SNAPSHOT
[20:57:53] [Server thread/INFO]: [spark] Starting background profiler...
[20:57:53] [Server thread/INFO]: [Geyser-Spigot] ******************************************
[20:57:53] [Server thread/INFO]: [Geyser-Spigot] 
[20:57:53] [Server thread/INFO]: [Geyser-Spigot] Loading Geyser version 2.6.1-b784 (git-master-cc94d5a)
[20:57:53] [Server thread/INFO]: [Geyser-Spigot] 
[20:57:53] [Server thread/INFO]: [Geyser-Spigot] ******************************************
[20:58:01] [epollEventLoopGroup-3-1/INFO]: [Geyser-Spigot] Started Geyser on UDP port 3536
[20:58:01] [Server thread/INFO]: [Geyser-Spigot] Done (8.066s)! Run /geyser help for help!
[20:58:02] [Server thread/INFO]: Done preparing level "world" (11.606s)
[20:58:02] [Server thread/INFO]: Running delayed init tasks
[20:58:02] [Craft Scheduler Thread - 2 - ViaVersion/INFO]: [ViaVersion] Finished mapping loading, shutting down loader executor.
[20:58:02] [Server thread/INFO]: Done (27.234s)! For help, type "help"
[20:58:02] [Server thread/INFO]: Timings Reset
[20:58:09] [User Authenticator #0/INFO]: UUID of player Novaaynon is e70d0417-d102-3c92-9a13-109ad4799c6c
[20:58:11] [Server thread/INFO]: Novaaynon joined the game
[20:58:11] [Server thread/INFO]: Novaaynon[/127.108.16.44:35593] logged in with entity id 22 at ([world]177.30000001192093, -58.0, -370.69999998807907)
